2024-10-20 21:06:21,928 - INFO - >> Epoch: 1, Average Loss: 20.3745
2024-10-20 21:07:07,192 - INFO -               precision    recall  f1-score   support

        AEX>     0.9349    0.9598    0.9472      1692
        ANA>     0.9336    0.9582    0.9457      5091
        DEF>     0.9439    0.9481    0.9460      1349
        DIS>     0.9296    0.9552    0.9422      2322
        DRU>     0.9669    0.9773    0.9721      1853
        DUR>     0.9711    0.9595    0.9653      2099
        LAE>     0.9509    0.9590    0.9549      2464
        MED>     0.9708    0.9775    0.9741      1599
        NUR>     0.9488    0.9592    0.9540       638
        PHE>     0.9775    0.9825    0.9800      1547
        PHI>     0.9178    0.9200    0.9189       813
        SIG>     0.9741    0.9801    0.9771      4873
        SYM>     0.9463    0.9597    0.9529      4442
        TER>     0.9034    0.9273    0.9152      4277
        TRE>     0.8256    0.8781    0.8510       566

   micro avg     0.9439    0.9581    0.9510     35625
   macro avg     0.9397    0.9534    0.9465     35625
weighted avg     0.9442    0.9581    0.9511     35625

2024-10-20 21:07:11,962 - INFO - Best model saved at: /home/deng/Maping/Graduation_experiment/Flat_NER/BERT_Pytorch_BiLSTM_CRF_NER/output/model/EDA_CHD_model/best_model.pth
2024-10-20 21:07:11,962 - INFO - >> Epoch: 1, Test Loss: 4.6655, Macro F1: 0.9465, Micro F1: 0.9510, Weighted F1: 0.9511
2024-10-20 21:19:42,567 - INFO - >> Epoch: 2, Average Loss: 4.3031
2024-10-20 21:20:28,531 - INFO -               precision    recall  f1-score   support

        AEX>     0.9330    0.9379    0.9355      1692
        ANA>     0.9473    0.9599    0.9536      5091
        DEF>     0.9432    0.9600    0.9515      1349
        DIS>     0.9467    0.9561    0.9514      2322
        DRU>     0.9758    0.9811    0.9785      1853
        DUR>     0.9747    0.9738    0.9743      2099
        LAE>     0.9545    0.9696    0.9619      2464
        MED>     0.9734    0.9831    0.9782      1599
        NUR>     0.9639    0.9624    0.9631       638
        PHE>     0.9789    0.9903    0.9846      1547
        PHI>     0.9544    0.9520    0.9532       813
        SIG>     0.9803    0.9785    0.9794      4873
        SYM>     0.9522    0.9649    0.9585      4442
        TER>     0.9181    0.9383    0.9281      4277
        TRE>     0.8777    0.9258    0.9011       566

   micro avg     0.9534    0.9635    0.9584     35625
   macro avg     0.9516    0.9622    0.9569     35625
weighted avg     0.9535    0.9635    0.9584     35625

2024-10-20 21:20:35,323 - INFO - Best model saved at: /home/deng/Maping/Graduation_experiment/Flat_NER/BERT_Pytorch_BiLSTM_CRF_NER/output/model/EDA_CHD_model/best_model.pth
2024-10-20 21:20:35,324 - INFO - >> Epoch: 2, Test Loss: 3.5234, Macro F1: 0.9569, Micro F1: 0.9584, Weighted F1: 0.9584
2024-10-20 21:33:09,986 - INFO - >> Epoch: 3, Average Loss: 2.9028
2024-10-20 21:33:55,836 - INFO -               precision    recall  f1-score   support

        AEX>     0.9431    0.9604    0.9517      1692
        ANA>     0.9458    0.9633    0.9545      5091
        DEF>     0.9641    0.9370    0.9504      1349
        DIS>     0.9519    0.9711    0.9614      2322
        DRU>     0.9828    0.9849    0.9838      1853
        DUR>     0.9723    0.9714    0.9719      2099
        LAE>     0.9720    0.9728    0.9724      2464
        MED>     0.9807    0.9837    0.9822      1599
        NUR>     0.9671    0.9671    0.9671       638
        PHE>     0.9845    0.9884    0.9865      1547
        PHI>     0.9501    0.9594    0.9547       813
        SIG>     0.9842    0.9836    0.9839      4873
        SYM>     0.9514    0.9692    0.9602      4442
        TER>     0.9341    0.9474    0.9407      4277
        TRE>     0.8688    0.9240    0.8955       566

   micro avg     0.9589    0.9679    0.9634     35625
   macro avg     0.9569    0.9656    0.9611     35625
weighted avg     0.9591    0.9679    0.9634     35625

2024-10-20 21:34:02,654 - INFO - Best model saved at: /home/deng/Maping/Graduation_experiment/Flat_NER/BERT_Pytorch_BiLSTM_CRF_NER/output/model/EDA_CHD_model/best_model.pth
2024-10-20 21:34:02,654 - INFO - >> Epoch: 3, Test Loss: 3.4150, Macro F1: 0.9611, Micro F1: 0.9634, Weighted F1: 0.9634
2024-10-20 21:46:27,583 - INFO - >> Epoch: 4, Average Loss: 2.1951
2024-10-20 21:47:15,059 - INFO -               precision    recall  f1-score   support

        AEX>     0.9504    0.9622    0.9562      1692
        ANA>     0.9484    0.9613    0.9548      5091
        DEF>     0.9512    0.9540    0.9526      1349
        DIS>     0.9569    0.9651    0.9610      2322
        DRU>     0.9844    0.9865    0.9854      1853
        DUR>     0.9656    0.9771    0.9713      2099
        LAE>     0.9689    0.9740    0.9715      2464
        MED>     0.9813    0.9850    0.9831      1599
        NUR>     0.9566    0.9671    0.9618       638
        PHE>     0.9801    0.9884    0.9842      1547
        PHI>     0.9488    0.9569    0.9528       813
        SIG>     0.9830    0.9828    0.9829      4873
        SYM>     0.9539    0.9653    0.9596      4442
        TER>     0.9191    0.9299    0.9245      4277
        TRE>     0.8558    0.9329    0.8926       566

   micro avg     0.9567    0.9659    0.9613     35625
   macro avg     0.9536    0.9659    0.9596     35625
weighted avg     0.9569    0.9659    0.9614     35625

2024-10-20 21:47:19,313 - INFO - >> Epoch: 4, Test Loss: 3.4766, Macro F1: 0.9596, Micro F1: 0.9613, Weighted F1: 0.9614
2024-10-20 21:59:51,976 - INFO - >> Epoch: 5, Average Loss: 1.7984
2024-10-20 22:00:38,138 - INFO -               precision    recall  f1-score   support

        AEX>     0.9553    0.9610    0.9582      1692
        ANA>     0.9502    0.9631    0.9566      5091
        DEF>     0.9455    0.9511    0.9483      1349
        DIS>     0.9573    0.9660    0.9616      2322
        DRU>     0.9796    0.9833    0.9814      1853
        DUR>     0.9692    0.9747    0.9720      2099
        LAE>     0.9725    0.9748    0.9737      2464
        MED>     0.9763    0.9794    0.9778      1599
        NUR>     0.9613    0.9734    0.9673       638
        PHE>     0.9800    0.9832    0.9816      1547
        PHI>     0.9632    0.9668    0.9650       813
        SIG>     0.9772    0.9834    0.9803      4873
        SYM>     0.9567    0.9653    0.9610      4442
        TER>     0.9260    0.9392    0.9326      4277
        TRE>     0.8721    0.9152    0.8931       566

   micro avg     0.9581    0.9666    0.9623     35625
   macro avg     0.9562    0.9653    0.9607     35625
weighted avg     0.9582    0.9666    0.9624     35625

2024-10-20 22:00:42,577 - INFO - >> Epoch: 5, Test Loss: 3.5127, Macro F1: 0.9607, Micro F1: 0.9623, Weighted F1: 0.9624
2024-10-20 22:13:02,920 - INFO - >> Epoch: 6, Average Loss: 1.5165
2024-10-20 22:13:48,337 - INFO -               precision    recall  f1-score   support

        AEX>     0.9484    0.9569    0.9526      1692
        ANA>     0.9538    0.9613    0.9575      5091
        DEF>     0.9469    0.9511    0.9490      1349
        DIS>     0.9485    0.9677    0.9580      2322
        DRU>     0.9850    0.9897    0.9873      1853
        DUR>     0.9779    0.9714    0.9747      2099
        LAE>     0.9678    0.9773    0.9725      2464
        MED>     0.9838    0.9856    0.9847      1599
        NUR>     0.9717    0.9702    0.9710       638
        PHE>     0.9833    0.9897    0.9865      1547
        PHI>     0.9524    0.9606    0.9565       813
        SIG>     0.9801    0.9811    0.9806      4873
        SYM>     0.9625    0.9649    0.9637      4442
        TER>     0.9327    0.9434    0.9380      4277
        TRE>     0.8824    0.9276    0.9044       566

   micro avg     0.9608    0.9672    0.9640     35625
   macro avg     0.9585    0.9666    0.9625     35625
weighted avg     0.9609    0.9672    0.9640     35625

2024-10-20 22:13:55,135 - INFO - Best model saved at: /home/deng/Maping/Graduation_experiment/Flat_NER/BERT_Pytorch_BiLSTM_CRF_NER/output/model/EDA_CHD_model/best_model.pth
2024-10-20 22:13:55,136 - INFO - >> Epoch: 6, Test Loss: 3.5628, Macro F1: 0.9625, Micro F1: 0.9640, Weighted F1: 0.9640
2024-10-20 22:26:20,675 - INFO - >> Epoch: 7, Average Loss: 1.3280
2024-10-20 22:27:06,745 - INFO -               precision    recall  f1-score   support

        AEX>     0.9597    0.9563    0.9580      1692
        ANA>     0.9523    0.9648    0.9585      5091
        DEF>     0.9628    0.9407    0.9516      1349
        DIS>     0.9547    0.9716    0.9631      2322
        DRU>     0.9843    0.9843    0.9843      1853
        DUR>     0.9734    0.9757    0.9745      2099
        LAE>     0.9658    0.9756    0.9707      2464
        MED>     0.9819    0.9837    0.9828      1599
        NUR>     0.9673    0.9749    0.9711       638
        PHE>     0.9821    0.9903    0.9862      1547
        PHI>     0.9530    0.9471    0.9500       813
        SIG>     0.9830    0.9830    0.9830      4873
        SYM>     0.9622    0.9692    0.9657      4442
        TER>     0.9386    0.9401    0.9394      4277
        TRE>     0.8702    0.9240    0.8963       566

   micro avg     0.9623    0.9675    0.9649     35625
   macro avg     0.9594    0.9654    0.9624     35625
weighted avg     0.9624    0.9675    0.9649     35625

2024-10-20 22:27:13,946 - INFO - Best model saved at: /home/deng/Maping/Graduation_experiment/Flat_NER/BERT_Pytorch_BiLSTM_CRF_NER/output/model/EDA_CHD_model/best_model.pth
2024-10-20 22:27:13,946 - INFO - >> Epoch: 7, Test Loss: 3.4631, Macro F1: 0.9624, Micro F1: 0.9649, Weighted F1: 0.9649
2024-10-20 22:39:48,527 - INFO - >> Epoch: 8, Average Loss: 1.1659
2024-10-20 22:40:35,500 - INFO -               precision    recall  f1-score   support

        AEX>     0.9529    0.9681    0.9604      1692
        ANA>     0.9578    0.9627    0.9602      5091
        DEF>     0.9587    0.9459    0.9522      1349
        DIS>     0.9488    0.9729    0.9607      2322
        DRU>     0.9870    0.9870    0.9870      1853
        DUR>     0.9687    0.9738    0.9713      2099
        LAE>     0.9728    0.9740    0.9734      2464
        MED>     0.9844    0.9844    0.9844      1599
        NUR>     0.9809    0.9639    0.9723       638
        PHE>     0.9839    0.9851    0.9845      1547
        PHI>     0.9496    0.9508    0.9502       813
        SIG>     0.9850    0.9821    0.9836      4873
        SYM>     0.9617    0.9671    0.9644      4442
        TER>     0.9305    0.9397    0.9351      4277
        TRE>     0.8764    0.9399    0.9071       566

   micro avg     0.9622    0.9675    0.9648     35625
   macro avg     0.9599    0.9665    0.9631     35625
weighted avg     0.9624    0.9675    0.9649     35625

2024-10-20 22:40:39,892 - INFO - >> Epoch: 8, Test Loss: 3.5225, Macro F1: 0.9631, Micro F1: 0.9648, Weighted F1: 0.9649
2024-10-20 22:53:03,487 - INFO - >> Epoch: 9, Average Loss: 1.0335
2024-10-20 22:53:49,879 - INFO -               precision    recall  f1-score   support

        AEX>     0.9661    0.9586    0.9623      1692
        ANA>     0.9541    0.9633    0.9587      5091
        DEF>     0.9615    0.9444    0.9529      1349
        DIS>     0.9476    0.9733    0.9603      2322
        DRU>     0.9860    0.9881    0.9871      1853
        DUR>     0.9730    0.9786    0.9758      2099
        LAE>     0.9666    0.9756    0.9711      2464
        MED>     0.9881    0.9869    0.9875      1599
        NUR>     0.9610    0.9655    0.9633       638
        PHE>     0.9783    0.9890    0.9836      1547
        PHI>     0.9451    0.9533    0.9492       813
        SIG>     0.9839    0.9807    0.9823      4873
        SYM>     0.9569    0.9696    0.9632      4442
        TER>     0.9422    0.9446    0.9434      4277
        TRE>     0.8683    0.9205    0.8937       566

   micro avg     0.9621    0.9683    0.9652     35625
   macro avg     0.9586    0.9661    0.9623     35625
weighted avg     0.9623    0.9683    0.9652     35625

2024-10-20 22:53:56,374 - INFO - Best model saved at: /home/deng/Maping/Graduation_experiment/Flat_NER/BERT_Pytorch_BiLSTM_CRF_NER/output/model/EDA_CHD_model/best_model.pth
2024-10-20 22:53:56,374 - INFO - >> Epoch: 9, Test Loss: 3.7287, Macro F1: 0.9623, Micro F1: 0.9652, Weighted F1: 0.9652
2024-10-20 23:06:18,510 - INFO - >> Epoch: 10, Average Loss: 0.9442
2024-10-20 23:07:04,482 - INFO -               precision    recall  f1-score   support

        AEX>     0.9515    0.9515    0.9515      1692
        ANA>     0.9485    0.9627    0.9555      5091
        DEF>     0.9581    0.9481    0.9531      1349
        DIS>     0.9567    0.9699    0.9632      2322
        DRU>     0.9855    0.9876    0.9865      1853
        DUR>     0.9758    0.9809    0.9784      2099
        LAE>     0.9732    0.9740    0.9736      2464
        MED>     0.9838    0.9875    0.9856      1599
        NUR>     0.9535    0.9639    0.9587       638
        PHE>     0.9807    0.9871    0.9839      1547
        PHI>     0.9417    0.9533    0.9474       813
        SIG>     0.9823    0.9807    0.9815      4873
        SYM>     0.9610    0.9662    0.9636      4442
        TER>     0.9361    0.9387    0.9374      4277
        TRE>     0.8904    0.9187    0.9043       566

   micro avg     0.9614    0.9665    0.9640     35625
   macro avg     0.9586    0.9647    0.9616     35625
weighted avg     0.9615    0.9665    0.9640     35625

2024-10-20 23:07:08,714 - INFO - >> Epoch: 10, Test Loss: 3.6331, Macro F1: 0.9616, Micro F1: 0.9640, Weighted F1: 0.9640
2024-10-20 23:19:30,115 - INFO - >> Epoch: 11, Average Loss: 0.8492
2024-10-20 23:20:16,042 - INFO -               precision    recall  f1-score   support

        AEX>     0.9519    0.9586    0.9552      1692
        ANA>     0.9531    0.9652    0.9591      5091
        DEF>     0.9587    0.9466    0.9526      1349
        DIS>     0.9576    0.9729    0.9652      2322
        DRU>     0.9871    0.9897    0.9884      1853
        DUR>     0.9743    0.9762    0.9752      2099
        LAE>     0.9722    0.9785    0.9753      2464
        MED>     0.9826    0.9881    0.9853      1599
        NUR>     0.9796    0.9796    0.9796       638
        PHE>     0.9757    0.9877    0.9817      1547
        PHI>     0.9489    0.9594    0.9541       813
        SIG>     0.9801    0.9817    0.9809      4873
        SYM>     0.9654    0.9676    0.9665      4442
        TER>     0.9291    0.9401    0.9346      4277
        TRE>     0.8557    0.9223    0.8878       566

   micro avg     0.9612    0.9685    0.9648     35625
   macro avg     0.9581    0.9676    0.9628     35625
weighted avg     0.9614    0.9685    0.9649     35625

2024-10-20 23:20:20,375 - INFO - >> Epoch: 11, Test Loss: 3.8290, Macro F1: 0.9628, Micro F1: 0.9648, Weighted F1: 0.9649
2024-10-20 23:32:55,166 - INFO - >> Epoch: 12, Average Loss: 0.7722
2024-10-20 23:33:41,761 - INFO -               precision    recall  f1-score   support

        AEX>     0.9553    0.9598    0.9575      1692
        ANA>     0.9548    0.9666    0.9607      5091
        DEF>     0.9534    0.9555    0.9545      1349
        DIS>     0.9584    0.9724    0.9654      2322
        DRU>     0.9855    0.9914    0.9884      1853
        DUR>     0.9711    0.9752    0.9731      2099
        LAE>     0.9752    0.9724    0.9738      2464
        MED>     0.9813    0.9850    0.9831      1599
        NUR>     0.9659    0.9765    0.9712       638
        PHE>     0.9820    0.9897    0.9858      1547
        PHI>     0.9476    0.9569    0.9523       813
        SIG>     0.9832    0.9826    0.9829      4873
        SYM>     0.9563    0.9703    0.9632      4442
        TER>     0.9426    0.9411    0.9419      4277
        TRE>     0.8910    0.9099    0.9003       566

   micro avg     0.9629    0.9689    0.9659     35625
   macro avg     0.9602    0.9670    0.9636     35625
weighted avg     0.9630    0.9689    0.9659     35625

2024-10-20 23:33:48,633 - INFO - Best model saved at: /home/deng/Maping/Graduation_experiment/Flat_NER/BERT_Pytorch_BiLSTM_CRF_NER/output/model/EDA_CHD_model/best_model.pth
2024-10-20 23:33:48,634 - INFO - >> Epoch: 12, Test Loss: 3.8667, Macro F1: 0.9636, Micro F1: 0.9659, Weighted F1: 0.9659
2024-10-20 23:46:09,805 - INFO - >> Epoch: 13, Average Loss: 0.6977
2024-10-20 23:46:55,712 - INFO -               precision    recall  f1-score   support

        AEX>     0.9614    0.9557    0.9585      1692
        ANA>     0.9421    0.9658    0.9538      5091
        DEF>     0.9505    0.9533    0.9519      1349
        DIS>     0.9537    0.9673    0.9604      2322
        DRU>     0.9897    0.9887    0.9892      1853
        DUR>     0.9602    0.9767    0.9684      2099
        LAE>     0.9682    0.9748    0.9715      2464
        MED>     0.9863    0.9875    0.9869      1599
        NUR>     0.9720    0.9812    0.9766       638
        PHE>     0.9776    0.9890    0.9833      1547
        PHI>     0.9452    0.9545    0.9498       813
        SIG>     0.9791    0.9824    0.9807      4873
        SYM>     0.9618    0.9694    0.9656      4442
        TER>     0.9312    0.9425    0.9368      4277
        TRE>     0.8756    0.9329    0.9033       566

   micro avg     0.9586    0.9688    0.9636     35625
   macro avg     0.9570    0.9681    0.9624     35625
weighted avg     0.9587    0.9688    0.9637     35625

2024-10-20 23:46:59,958 - INFO - >> Epoch: 13, Test Loss: 4.0482, Macro F1: 0.9624, Micro F1: 0.9636, Weighted F1: 0.9637
2024-10-20 23:59:32,434 - INFO - >> Epoch: 14, Average Loss: 0.6661
2024-10-21 00:00:20,454 - INFO -               precision    recall  f1-score   support

        AEX>     0.9556    0.9539    0.9547      1692
        ANA>     0.9503    0.9607    0.9555      5091
        DEF>     0.9505    0.9540    0.9523      1349
        DIS>     0.9544    0.9733    0.9638      2322
        DRU>     0.9908    0.9919    0.9914      1853
        DUR>     0.9678    0.9752    0.9715      2099
        LAE>     0.9741    0.9781    0.9761      2464
        MED>     0.9869    0.9862    0.9865      1599
        NUR>     0.9734    0.9734    0.9734       638
        PHE>     0.9757    0.9877    0.9817      1547
        PHI>     0.9488    0.9569    0.9528       813
        SIG>     0.9833    0.9795    0.9814      4873
        SYM>     0.9615    0.9665    0.9640      4442
        TER>     0.9411    0.9448    0.9429      4277
        TRE>     0.8879    0.9240    0.9056       566

   micro avg     0.9625    0.9679    0.9652     35625
   macro avg     0.9601    0.9671    0.9636     35625
weighted avg     0.9625    0.9679    0.9652     35625

2024-10-21 00:00:25,215 - INFO - >> Epoch: 14, Test Loss: 4.0985, Macro F1: 0.9636, Micro F1: 0.9652, Weighted F1: 0.9652
2024-10-21 00:13:12,918 - INFO - >> Epoch: 15, Average Loss: 0.5964
2024-10-21 00:14:00,513 - INFO -               precision    recall  f1-score   support

        AEX>     0.9653    0.9545    0.9599      1692
        ANA>     0.9549    0.9609    0.9579      5091
        DEF>     0.9568    0.9518    0.9543      1349
        DIS>     0.9518    0.9686    0.9601      2322
        DRU>     0.9866    0.9903    0.9884      1853
        DUR>     0.9707    0.9781    0.9744      2099
        LAE>     0.9683    0.9801    0.9742      2464
        MED>     0.9863    0.9906    0.9885      1599
        NUR>     0.9674    0.9781    0.9727       638
        PHE>     0.9807    0.9877    0.9842      1547
        PHI>     0.9558    0.9569    0.9564       813
        SIG>     0.9853    0.9789    0.9821      4873
        SYM>     0.9590    0.9631    0.9610      4442
        TER>     0.9319    0.9476    0.9397      4277
        TRE>     0.8612    0.9205    0.8898       566

   micro avg     0.9618    0.9678    0.9648     35625
   macro avg     0.9588    0.9672    0.9629     35625
weighted avg     0.9620    0.9678    0.9649     35625

2024-10-21 00:14:05,126 - INFO - >> Epoch: 15, Test Loss: 4.2403, Macro F1: 0.9629, Micro F1: 0.9648, Weighted F1: 0.9649
2024-10-21 00:26:51,976 - INFO - >> Epoch: 16, Average Loss: 0.5733
2024-10-21 00:27:40,111 - INFO -               precision    recall  f1-score   support

        AEX>     0.9574    0.9569    0.9571      1692
        ANA>     0.9506    0.9635    0.9570      5091
        DEF>     0.9666    0.9437    0.9550      1349
        DIS>     0.9514    0.9703    0.9608      2322
        DRU>     0.9887    0.9903    0.9895      1853
        DUR>     0.9758    0.9786    0.9772      2099
        LAE>     0.9722    0.9781    0.9751      2464
        MED>     0.9856    0.9856    0.9856      1599
        NUR>     0.9655    0.9639    0.9647       638
        PHE>     0.9839    0.9884    0.9861      1547
        PHI>     0.9466    0.9594    0.9530       813
        SIG>     0.9824    0.9842    0.9833      4873
        SYM>     0.9617    0.9676    0.9647      4442
        TER>     0.9360    0.9408    0.9384      4277
        TRE>     0.8868    0.9276    0.9067       566

   micro avg     0.9626    0.9682    0.9654     35625
   macro avg     0.9607    0.9666    0.9636     35625
weighted avg     0.9627    0.9682    0.9654     35625

2024-10-21 00:27:44,744 - INFO - >> Epoch: 16, Test Loss: 4.2259, Macro F1: 0.9636, Micro F1: 0.9654, Weighted F1: 0.9654
2024-10-21 00:40:30,895 - INFO - >> Epoch: 17, Average Loss: 0.5269
2024-10-21 00:41:19,064 - INFO -               precision    recall  f1-score   support

        AEX>     0.9483    0.9645    0.9563      1692
        ANA>     0.9518    0.9656    0.9587      5091
        DEF>     0.9593    0.9444    0.9518      1349
        DIS>     0.9539    0.9703    0.9620      2322
        DRU>     0.9881    0.9881    0.9881      1853
        DUR>     0.9743    0.9747    0.9745      2099
        LAE>     0.9741    0.9761    0.9751      2464
        MED>     0.9863    0.9875    0.9869      1599
        NUR>     0.9688    0.9734    0.9711       638
        PHE>     0.9646    0.9864    0.9754      1547
        PHI>     0.9523    0.9569    0.9546       813
        SIG>     0.9830    0.9854    0.9842      4873
        SYM>     0.9652    0.9683    0.9667      4442
        TER>     0.9357    0.9387    0.9372      4277
        TRE>     0.8855    0.9152    0.9001       566

   micro avg     0.9621    0.9683    0.9652     35625
   macro avg     0.9594    0.9664    0.9628     35625
weighted avg     0.9622    0.9683    0.9652     35625

2024-10-21 00:41:23,698 - INFO - >> Epoch: 17, Test Loss: 4.4914, Macro F1: 0.9628, Micro F1: 0.9652, Weighted F1: 0.9652
2024-10-21 00:54:08,631 - INFO - >> Epoch: 18, Average Loss: 0.5006
2024-10-21 00:54:56,631 - INFO -               precision    recall  f1-score   support

        AEX>     0.9618    0.9675    0.9646      1692
        ANA>     0.9491    0.9643    0.9566      5091
        DEF>     0.9660    0.9474    0.9566      1349
        DIS>     0.9407    0.9500    0.9454      2322
        DRU>     0.9865    0.9887    0.9876      1853
        DUR>     0.9747    0.9747    0.9747      2099
        LAE>     0.9741    0.9781    0.9761      2464
        MED>     0.9862    0.9862    0.9862      1599
        NUR>     0.9733    0.9718    0.9725       638
        PHE>     0.9814    0.9884    0.9849      1547
        PHI>     0.9107    0.9533    0.9315       813
        SIG>     0.9840    0.9842    0.9841      4873
        SYM>     0.9615    0.9667    0.9641      4442
        TER>     0.9381    0.9432    0.9407      4277
        TRE>     0.8842    0.9170    0.9003       566

   micro avg     0.9614    0.9674    0.9644     35625
   macro avg     0.9582    0.9654    0.9617     35625
weighted avg     0.9616    0.9674    0.9644     35625

2024-10-21 00:55:01,293 - INFO - >> Epoch: 18, Test Loss: 4.3910, Macro F1: 0.9617, Micro F1: 0.9644, Weighted F1: 0.9644
2024-10-21 01:07:45,583 - INFO - >> Epoch: 19, Average Loss: 0.4543
2024-10-21 01:08:33,710 - INFO -               precision    recall  f1-score   support

        AEX>     0.9591    0.9557    0.9574      1692
        ANA>     0.9480    0.9668    0.9573      5091
        DEF>     0.9552    0.9489    0.9520      1349
        DIS>     0.9603    0.9690    0.9646      2322
        DRU>     0.9860    0.9881    0.9871      1853
        DUR>     0.9697    0.9752    0.9724      2099
        LAE>     0.9699    0.9801    0.9750      2464
        MED>     0.9825    0.9850    0.9838      1599
        NUR>     0.9643    0.9749    0.9696       638
        PHE>     0.9795    0.9890    0.9842      1547
        PHI>     0.9529    0.9459    0.9494       813
        SIG>     0.9838    0.9834    0.9836      4873
        SYM>     0.9617    0.9678    0.9648      4442
        TER>     0.9302    0.9472    0.9386      4277
        TRE>     0.8779    0.9276    0.9021       566

   micro avg     0.9609    0.9691    0.9650     35625
   macro avg     0.9587    0.9670    0.9628     35625
weighted avg     0.9610    0.9691    0.9650     35625

2024-10-21 01:08:38,340 - INFO - >> Epoch: 19, Test Loss: 4.6443, Macro F1: 0.9628, Micro F1: 0.9650, Weighted F1: 0.9650
2024-10-21 01:21:23,558 - INFO - >> Epoch: 20, Average Loss: 0.4564
2024-10-21 01:22:11,570 - INFO -               precision    recall  f1-score   support

        AEX>     0.9457    0.9462    0.9459      1692
        ANA>     0.9540    0.9621    0.9580      5091
        DEF>     0.9644    0.9437    0.9539      1349
        DIS>     0.9549    0.9763    0.9655      2322
        DRU>     0.9882    0.9903    0.9892      1853
        DUR>     0.9738    0.9724    0.9731      2099
        LAE>     0.9710    0.9793    0.9751      2464
        MED>     0.9819    0.9850    0.9835      1599
        NUR>     0.9686    0.9655    0.9670       638
        PHE>     0.9814    0.9916    0.9865      1547
        PHI>     0.9641    0.9569    0.9605       813
        SIG>     0.9852    0.9579    0.9714      4873
        SYM>     0.9626    0.9629    0.9627      4442
        TER>     0.9046    0.9444    0.9240      4277
        TRE>     0.8842    0.9311    0.9071       566

   micro avg     0.9590    0.9640    0.9615     35625
   macro avg     0.9590    0.9644    0.9616     35625
weighted avg     0.9594    0.9640    0.9616     35625

2024-10-21 01:22:16,276 - INFO - >> Epoch: 20, Test Loss: 4.9026, Macro F1: 0.9616, Micro F1: 0.9615, Weighted F1: 0.9616
2024-10-21 01:35:02,133 - INFO - >> Epoch: 21, Average Loss: 0.4270
2024-10-21 01:35:50,443 - INFO -               precision    recall  f1-score   support

        AEX>     0.9566    0.9634    0.9600      1692
        ANA>     0.9556    0.9643    0.9599      5091
        DEF>     0.9516    0.9481    0.9499      1349
        DIS>     0.9522    0.9694    0.9607      2322
        DRU>     0.9887    0.9914    0.9900      1853
        DUR>     0.9752    0.9747    0.9750      2099
        LAE>     0.9704    0.9728    0.9716      2464
        MED>     0.9807    0.9862    0.9835      1599
        NUR>     0.9673    0.9749    0.9711       638
        PHE>     0.9802    0.9897    0.9849      1547
        PHI>     0.9582    0.9582    0.9582       813
        SIG>     0.9838    0.9832    0.9835      4873
        SYM>     0.9603    0.9696    0.9649      4442
        TER>     0.9358    0.9404    0.9381      4277
        TRE>     0.8813    0.8922    0.8867       566

   micro avg     0.9625    0.9679    0.9652     35625
   macro avg     0.9599    0.9652    0.9625     35625
weighted avg     0.9625    0.9679    0.9652     35625

2024-10-21 01:35:55,279 - INFO - >> Epoch: 21, Test Loss: 4.5721, Macro F1: 0.9625, Micro F1: 0.9652, Weighted F1: 0.9652
2024-10-21 01:48:41,601 - INFO - >> Epoch: 22, Average Loss: 0.3977
2024-10-21 01:49:29,458 - INFO -               precision    recall  f1-score   support

        AEX>     0.9500    0.9545    0.9522      1692
        ANA>     0.9519    0.9644    0.9581      5091
        DEF>     0.9608    0.9437    0.9521      1349
        DIS>     0.9553    0.9655    0.9604      2322
        DRU>     0.9887    0.9914    0.9900      1853
        DUR>     0.9724    0.9724    0.9724      2099
        LAE>     0.9718    0.9773    0.9745      2464
        MED>     0.9838    0.9881    0.9860      1599
        NUR>     0.9687    0.9687    0.9687       638
        PHE>     0.9795    0.9890    0.9842      1547
        PHI>     0.9477    0.9582    0.9529       813
        SIG>     0.9825    0.9811    0.9818      4873
        SYM>     0.9622    0.9633    0.9628      4442
        TER>     0.9368    0.9430    0.9399      4277
        TRE>     0.8731    0.9364    0.9037       566

   micro avg     0.9620    0.9672    0.9646     35625
   macro avg     0.9590    0.9665    0.9626     35625
weighted avg     0.9621    0.9672    0.9646     35625

2024-10-21 01:49:34,149 - INFO - >> Epoch: 22, Test Loss: 4.8135, Macro F1: 0.9626, Micro F1: 0.9646, Weighted F1: 0.9646
2024-10-21 02:02:17,037 - INFO - >> Epoch: 23, Average Loss: 0.3892
2024-10-21 02:03:05,021 - INFO -               precision    recall  f1-score   support

        AEX>     0.9638    0.9598    0.9618      1692
        ANA>     0.9550    0.9641    0.9595      5091
        DEF>     0.9625    0.9518    0.9571      1349
        DIS>     0.9633    0.9716    0.9674      2322
        DRU>     0.9887    0.9908    0.9898      1853
        DUR>     0.9738    0.9752    0.9745      2099
        LAE>     0.9633    0.9797    0.9714      2464
        MED>     0.9826    0.9862    0.9844      1599
        NUR>     0.9749    0.9734    0.9741       638
        PHE>     0.9770    0.9890    0.9830      1547
        PHI>     0.9468    0.9410    0.9439       813
        SIG>     0.9832    0.9826    0.9829      4873
        SYM>     0.9602    0.9676    0.9639      4442
        TER>     0.9359    0.9427    0.9393      4277
        TRE>     0.8784    0.9187    0.8981       566

   micro avg     0.9630    0.9684    0.9657     35625
   macro avg     0.9606    0.9663    0.9634     35625
weighted avg     0.9630    0.9684    0.9657     35625

2024-10-21 02:03:09,914 - INFO - >> Epoch: 23, Test Loss: 4.5422, Macro F1: 0.9634, Micro F1: 0.9657, Weighted F1: 0.9657
2024-10-21 02:15:55,908 - INFO - >> Epoch: 24, Average Loss: 0.3637
2024-10-21 02:16:43,577 - INFO -               precision    recall  f1-score   support

        AEX>     0.9669    0.9681    0.9675      1692
        ANA>     0.9511    0.9627    0.9569      5091
        DEF>     0.9598    0.9555    0.9577      1349
        DIS>     0.9640    0.9694    0.9667      2322
        DRU>     0.9892    0.9908    0.9900      1853
        DUR>     0.9751    0.9719    0.9735      2099
        LAE>     0.9744    0.9740    0.9742      2464
        MED>     0.9838    0.9862    0.9850      1599
        NUR>     0.9704    0.9749    0.9726       638
        PHE>     0.9814    0.9877    0.9845      1547
        PHI>     0.9430    0.9569    0.9499       813
        SIG>     0.9850    0.9813    0.9831      4873
        SYM>     0.9609    0.9683    0.9646      4442
        TER>     0.9315    0.9446    0.9380      4277
        TRE>     0.8904    0.9187    0.9043       566

   micro avg     0.9634    0.9685    0.9659     35625
   macro avg     0.9618    0.9674    0.9646     35625
weighted avg     0.9635    0.9685    0.9660     35625

2024-10-21 02:16:50,799 - INFO - Best model saved at: /home/deng/Maping/Graduation_experiment/Flat_NER/BERT_Pytorch_BiLSTM_CRF_NER/output/model/EDA_CHD_model/best_model.pth
2024-10-21 02:16:50,799 - INFO - >> Epoch: 24, Test Loss: 4.4831, Macro F1: 0.9646, Micro F1: 0.9659, Weighted F1: 0.9660
2024-10-21 02:29:36,033 - INFO - >> Epoch: 25, Average Loss: 0.3498
2024-10-21 02:30:23,549 - INFO -               precision    recall  f1-score   support

        AEX>     0.9562    0.9675    0.9618      1692
        ANA>     0.9523    0.9613    0.9568      5091
        DEF>     0.9618    0.9511    0.9564      1349
        DIS>     0.9366    0.9742    0.9550      2322
        DRU>     0.9898    0.9908    0.9903      1853
        DUR>     0.9700    0.9709    0.9705      2099
        LAE>     0.9737    0.9785    0.9761      2464
        MED>     0.9850    0.9862    0.9856      1599
        NUR>     0.9780    0.9749    0.9765       638
        PHE>     0.9833    0.9871    0.9852      1547
        PHI>     0.9593    0.9557    0.9575       813
        SIG>     0.9836    0.9834    0.9835      4873
        SYM>     0.9600    0.9662    0.9631      4442
        TER>     0.9378    0.9420    0.9399      4277
        TRE>     0.8864    0.9240    0.9048       566

   micro avg     0.9620    0.9684    0.9652     35625
   macro avg     0.9609    0.9676    0.9642     35625
weighted avg     0.9622    0.9684    0.9653     35625

2024-10-21 02:30:28,277 - INFO - >> Epoch: 25, Test Loss: 4.7025, Macro F1: 0.9642, Micro F1: 0.9652, Weighted F1: 0.9653
2024-10-21 02:43:12,788 - INFO - >> Epoch: 26, Average Loss: 0.3419
2024-10-21 02:44:00,709 - INFO -               precision    recall  f1-score   support

        AEX>     0.9424    0.9474    0.9449      1692
        ANA>     0.9477    0.9648    0.9562      5091
        DEF>     0.9588    0.9489    0.9538      1349
        DIS>     0.9546    0.9686    0.9615      2322
        DRU>     0.9865    0.9887    0.9876      1853
        DUR>     0.9728    0.9695    0.9711      2099
        LAE>     0.9713    0.9748    0.9731      2464
        MED>     0.9850    0.9869    0.9859      1599
        NUR>     0.9659    0.9765    0.9712       638
        PHE>     0.9858    0.9858    0.9858      1547
        PHI>     0.9508    0.9508    0.9508       813
        SIG>     0.9804    0.9842    0.9823      4873
        SYM>     0.9639    0.9671    0.9655      4442
        TER>     0.9350    0.9444    0.9396      4277
        TRE>     0.8997    0.9346    0.9168       566

   micro avg     0.9613    0.9676    0.9644     35625
   macro avg     0.9600    0.9662    0.9631     35625
weighted avg     0.9614    0.9676    0.9645     35625

2024-10-21 02:44:05,301 - INFO - >> Epoch: 26, Test Loss: 4.6623, Macro F1: 0.9631, Micro F1: 0.9644, Weighted F1: 0.9645
2024-10-21 02:56:49,848 - INFO - >> Epoch: 27, Average Loss: 0.3202
2024-10-21 02:57:37,891 - INFO -               precision    recall  f1-score   support

        AEX>     0.9385    0.9474    0.9429      1692
        ANA>     0.9528    0.9633    0.9580      5091
        DEF>     0.9556    0.9577    0.9567      1349
        DIS>     0.9477    0.9755    0.9614      2322
        DRU>     0.9898    0.9924    0.9911      1853
        DUR>     0.9728    0.9714    0.9721      2099
        LAE>     0.9682    0.9773    0.9727      2464
        MED>     0.9863    0.9900    0.9881      1599
        NUR>     0.9719    0.9749    0.9734       638
        PHE>     0.9782    0.9877    0.9830      1547
        PHI>     0.9555    0.9508    0.9531       813
        SIG>     0.9862    0.9821    0.9842      4873
        SYM>     0.9587    0.9669    0.9628      4442
        TER>     0.9386    0.9401    0.9394      4277
        TRE>     0.9000    0.9223    0.9110       566

   micro avg     0.9618    0.9679    0.9648     35625
   macro avg     0.9601    0.9667    0.9633     35625
weighted avg     0.9618    0.9679    0.9648     35625

2024-10-21 02:57:42,632 - INFO - >> Epoch: 27, Test Loss: 4.6363, Macro F1: 0.9633, Micro F1: 0.9648, Weighted F1: 0.9648
2024-10-21 03:10:26,123 - INFO - >> Epoch: 28, Average Loss: 0.3185
2024-10-21 03:11:13,718 - INFO -               precision    recall  f1-score   support

        AEX>     0.9658    0.9693    0.9676      1692
        ANA>     0.9589    0.9631    0.9610      5091
        DEF>     0.9533    0.9533    0.9533      1349
        DIS>     0.9524    0.9742    0.9632      2322
        DRU>     0.9887    0.9892    0.9889      1853
        DUR>     0.9729    0.9752    0.9741      2099
        LAE>     0.9627    0.9736    0.9681      2464
        MED>     0.9844    0.9869    0.9856      1599
        NUR>     0.9794    0.9687    0.9740       638
        PHE>     0.9845    0.9864    0.9855      1547
        PHI>     0.9569    0.9557    0.9563       813
        SIG>     0.9840    0.9824    0.9832      4873
        SYM>     0.9595    0.9660    0.9628      4442
        TER>     0.9363    0.9451    0.9407      4277
        TRE>     0.9016    0.9223    0.9118       566

   micro avg     0.9636    0.9687    0.9662     35625
   macro avg     0.9628    0.9674    0.9651     35625
weighted avg     0.9637    0.9687    0.9662     35625

2024-10-21 03:11:21,144 - INFO - Best model saved at: /home/deng/Maping/Graduation_experiment/Flat_NER/BERT_Pytorch_BiLSTM_CRF_NER/output/model/EDA_CHD_model/best_model.pth
2024-10-21 03:11:21,144 - INFO - >> Epoch: 28, Test Loss: 4.8331, Macro F1: 0.9651, Micro F1: 0.9662, Weighted F1: 0.9662
2024-10-21 03:24:06,189 - INFO - >> Epoch: 29, Average Loss: 0.3082
2024-10-21 03:24:54,571 - INFO -               precision    recall  f1-score   support

        AEX>     0.9515    0.9509    0.9512      1692
        ANA>     0.9528    0.9631    0.9579      5091
        DEF>     0.9524    0.9489    0.9506      1349
        DIS>     0.9532    0.9729    0.9629      2322
        DRU>     0.9892    0.9892    0.9892      1853
        DUR>     0.9706    0.9747    0.9727      2099
        LAE>     0.9705    0.9744    0.9725      2464
        MED>     0.9844    0.9869    0.9856      1599
        NUR>     0.9628    0.9734    0.9680       638
        PHE>     0.9845    0.9864    0.9855      1547
        PHI>     0.9630    0.9606    0.9618       813
        SIG>     0.9850    0.9811    0.9830      4873
        SYM>     0.9617    0.9662    0.9640      4442
        TER>     0.9378    0.9441    0.9409      4277
        TRE>     0.8813    0.9311    0.9055       566

   micro avg     0.9626    0.9677    0.9651     35625
   macro avg     0.9600    0.9669    0.9634     35625
weighted avg     0.9627    0.9677    0.9652     35625

2024-10-21 03:24:59,202 - INFO - >> Epoch: 29, Test Loss: 4.7974, Macro F1: 0.9634, Micro F1: 0.9651, Weighted F1: 0.9652
2024-10-21 03:37:43,590 - INFO - >> Epoch: 30, Average Loss: 0.2989
2024-10-21 03:38:31,192 - INFO -               precision    recall  f1-score   support

        AEX>     0.9491    0.9486    0.9489      1692
        ANA>     0.9544    0.9617    0.9580      5091
        DEF>     0.9541    0.9548    0.9544      1349
        DIS>     0.9522    0.9699    0.9610      2322
        DRU>     0.9887    0.9914    0.9900      1853
        DUR>     0.9738    0.9743    0.9740      2099
        LAE>     0.9741    0.9781    0.9761      2464
        MED>     0.9832    0.9869    0.9850      1599
        NUR>     0.9600    0.9781    0.9689       638
        PHE>     0.9801    0.9871    0.9836      1547
        PHI>     0.9595    0.9619    0.9607       813
        SIG>     0.9844    0.9828    0.9836      4873
        SYM>     0.9628    0.9671    0.9650      4442
        TER>     0.9386    0.9430    0.9408      4277
        TRE>     0.8872    0.9170    0.9018       566

   micro avg     0.9630    0.9679    0.9654     35625
   macro avg     0.9601    0.9668    0.9635     35625
weighted avg     0.9631    0.9679    0.9655     35625

2024-10-21 03:38:35,824 - INFO - >> Epoch: 30, Test Loss: 4.7332, Macro F1: 0.9635, Micro F1: 0.9654, Weighted F1: 0.9655
2024-10-21 03:51:20,928 - INFO - >> Epoch: 31, Average Loss: 0.2915
2024-10-21 03:52:08,678 - INFO -               precision    recall  f1-score   support

        AEX>     0.9528    0.9551    0.9540      1692
        ANA>     0.9558    0.9646    0.9602      5091
        DEF>     0.9573    0.9474    0.9523      1349
        DIS>     0.9492    0.9737    0.9613      2322
        DRU>     0.9855    0.9903    0.9879      1853
        DUR>     0.9733    0.9724    0.9728      2099
        LAE>     0.9701    0.9756    0.9729      2464
        MED>     0.9812    0.9819    0.9816      1599
        NUR>     0.9733    0.9718    0.9725       638
        PHE>     0.9751    0.9890    0.9820      1547
        PHI>     0.9476    0.9557    0.9516       813
        SIG>     0.9838    0.9844    0.9841      4873
        SYM>     0.9643    0.9678    0.9661      4442
        TER>     0.9362    0.9427    0.9394      4277
        TRE>     0.8846    0.9205    0.9022       566

   micro avg     0.9623    0.9682    0.9652     35625
   macro avg     0.9593    0.9662    0.9627     35625
weighted avg     0.9624    0.9682    0.9653     35625

2024-10-21 03:52:13,281 - INFO - >> Epoch: 31, Test Loss: 4.7762, Macro F1: 0.9627, Micro F1: 0.9652, Weighted F1: 0.9653
2024-10-21 04:04:59,077 - INFO - >> Epoch: 32, Average Loss: 0.3012
2024-10-21 04:05:47,137 - INFO -               precision    recall  f1-score   support

        AEX>     0.9535    0.9569    0.9552      1692
        ANA>     0.9536    0.9613    0.9574      5091
        DEF>     0.9584    0.9563    0.9573      1349
        DIS>     0.9560    0.9742    0.9650      2322
        DRU>     0.9887    0.9914    0.9900      1853
        DUR>     0.9705    0.9724    0.9714      2099
        LAE>     0.9713    0.9752    0.9733      2464
        MED>     0.9826    0.9869    0.9847      1599
        NUR>     0.9673    0.9749    0.9711       638
        PHE>     0.9782    0.9884    0.9833      1547
        PHI>     0.9549    0.9631    0.9590       813
        SIG>     0.9852    0.9828    0.9840      4873
        SYM>     0.9624    0.9694    0.9659      4442
        TER>     0.9433    0.9486    0.9459      4277
        TRE>     0.8834    0.9240    0.9033       566

   micro avg     0.9636    0.9693    0.9665     35625
   macro avg     0.9606    0.9684    0.9645     35625
weighted avg     0.9637    0.9693    0.9665     35625

2024-10-21 04:05:54,301 - INFO - Best model saved at: /home/deng/Maping/Graduation_experiment/Flat_NER/BERT_Pytorch_BiLSTM_CRF_NER/output/model/EDA_CHD_model/best_model.pth
2024-10-21 04:05:54,302 - INFO - >> Epoch: 32, Test Loss: 4.8836, Macro F1: 0.9645, Micro F1: 0.9665, Weighted F1: 0.9665
2024-10-21 04:18:39,279 - INFO - >> Epoch: 33, Average Loss: 0.2560
2024-10-21 04:19:27,374 - INFO -               precision    recall  f1-score   support

        AEX>     0.9575    0.9592    0.9584      1692
        ANA>     0.9603    0.9588    0.9595      5091
        DEF>     0.9545    0.9489    0.9517      1349
        DIS>     0.9500    0.9746    0.9622      2322
        DRU>     0.9892    0.9887    0.9889      1853
        DUR>     0.9747    0.9709    0.9728      2099
        LAE>     0.9710    0.9781    0.9745      2464
        MED>     0.9844    0.9856    0.9850      1599
        NUR>     0.9750    0.9796    0.9773       638
        PHE>     0.9820    0.9871    0.9845      1547
        PHI>     0.9608    0.9643    0.9626       813
        SIG>     0.9835    0.9815    0.9825      4873
        SYM>     0.9638    0.9662    0.9650      4442
        TER>     0.9390    0.9434    0.9412      4277
        TRE>     0.8931    0.9152    0.9040       566

   micro avg     0.9646    0.9675    0.9660     35625
   macro avg     0.9626    0.9668    0.9647     35625
weighted avg     0.9647    0.9675    0.9661     35625

2024-10-21 04:19:32,219 - INFO - >> Epoch: 33, Test Loss: 4.7882, Macro F1: 0.9647, Micro F1: 0.9660, Weighted F1: 0.9661
2024-10-21 04:32:16,055 - INFO - >> Epoch: 34, Average Loss: 0.2663
2024-10-21 04:33:04,026 - INFO -               precision    recall  f1-score   support

        AEX>     0.9574    0.9574    0.9574      1692
        ANA>     0.9523    0.9601    0.9562      5091
        DEF>     0.9574    0.9496    0.9535      1349
        DIS>     0.9557    0.9660    0.9608      2322
        DRU>     0.9855    0.9881    0.9868      1853
        DUR>     0.9738    0.9757    0.9748      2099
        LAE>     0.9717    0.9765    0.9741      2464
        MED>     0.9838    0.9887    0.9863      1599
        NUR>     0.9720    0.9781    0.9750       638
        PHE>     0.9827    0.9897    0.9862      1547
        PHI>     0.9630    0.9606    0.9618       813
        SIG>     0.9851    0.9799    0.9825      4873
        SYM>     0.9534    0.9710    0.9621      4442
        TER>     0.9425    0.9462    0.9443      4277
        TRE>     0.8825    0.9152    0.8985       566

   micro avg     0.9629    0.9681    0.9655     35625
   macro avg     0.9612    0.9669    0.9640     35625
weighted avg     0.9630    0.9681    0.9655     35625

2024-10-21 04:33:08,734 - INFO - >> Epoch: 34, Test Loss: 4.8158, Macro F1: 0.9640, Micro F1: 0.9655, Weighted F1: 0.9655
2024-10-21 04:45:53,496 - INFO - >> Epoch: 35, Average Loss: 0.2568
2024-10-21 04:46:41,415 - INFO -               precision    recall  f1-score   support

        AEX>     0.9638    0.9598    0.9618      1692
        ANA>     0.9508    0.9605    0.9556      5091
        DEF>     0.9603    0.9503    0.9553      1349
        DIS>     0.9512    0.9729    0.9619      2322
        DRU>     0.9881    0.9892    0.9887      1853
        DUR>     0.9715    0.9747    0.9731      2099
        LAE>     0.9687    0.9793    0.9740      2464
        MED>     0.9819    0.9825    0.9822      1599
        NUR>     0.9766    0.9812    0.9789       638
        PHE>     0.9820    0.9897    0.9858      1547
        PHI>     0.9580    0.9533    0.9556       813
        SIG>     0.9848    0.9813    0.9830      4873
        SYM>     0.9568    0.9669    0.9618      4442
        TER>     0.9357    0.9390    0.9373      4277
        TRE>     0.8898    0.9276    0.9083       566

   micro avg     0.9621    0.9675    0.9648     35625
   macro avg     0.9613    0.9672    0.9642     35625
weighted avg     0.9622    0.9675    0.9648     35625

2024-10-21 04:46:45,980 - INFO - >> Epoch: 35, Test Loss: 5.0471, Macro F1: 0.9642, Micro F1: 0.9648, Weighted F1: 0.9648
2024-10-21 04:59:32,741 - INFO - >> Epoch: 36, Average Loss: 0.2383
2024-10-21 05:00:20,377 - INFO -               precision    recall  f1-score   support

        AEX>     0.9690    0.9616    0.9653      1692
        ANA>     0.9529    0.9619    0.9574      5091
        DEF>     0.9588    0.9481    0.9534      1349
        DIS>     0.9593    0.9742    0.9667      2322
        DRU>     0.9908    0.9903    0.9906      1853
        DUR>     0.9696    0.9709    0.9702      2099
        LAE>     0.9706    0.9793    0.9749      2464
        MED>     0.9868    0.9831    0.9850      1599
        NUR>     0.9659    0.9781    0.9720       638
        PHE>     0.9777    0.9897    0.9836      1547
        PHI>     0.9545    0.9557    0.9551       813
        SIG>     0.9870    0.9805    0.9837      4873
        SYM>     0.9594    0.9683    0.9638      4442
        TER>     0.9404    0.9448    0.9426      4277
        TRE>     0.8840    0.9293    0.9061       566

   micro avg     0.9641    0.9684    0.9663     35625
   macro avg     0.9618    0.9677    0.9647     35625
weighted avg     0.9642    0.9684    0.9663     35625

2024-10-21 05:00:24,969 - INFO - >> Epoch: 36, Test Loss: 4.7065, Macro F1: 0.9647, Micro F1: 0.9663, Weighted F1: 0.9663
2024-10-21 05:13:08,589 - INFO - >> Epoch: 37, Average Loss: 0.2418
2024-10-21 05:13:56,361 - INFO -               precision    recall  f1-score   support

        AEX>     0.9486    0.9492    0.9489      1692
        ANA>     0.9496    0.9617    0.9556      5091
        DEF>     0.9639    0.9511    0.9575      1349
        DIS>     0.9575    0.9711    0.9643      2322
        DRU>     0.9866    0.9908    0.9887      1853
        DUR>     0.9673    0.9733    0.9703      2099
        LAE>     0.9753    0.9781    0.9767      2464
        MED>     0.9799    0.9756    0.9777      1599
        NUR>     0.9718    0.9734    0.9726       638
        PHE>     0.9802    0.9910    0.9855      1547
        PHI>     0.9558    0.9582    0.9570       813
        SIG>     0.9836    0.9828    0.9832      4873
        SYM>     0.9613    0.9676    0.9644      4442
        TER>     0.9277    0.9448    0.9362      4277
        TRE>     0.8763    0.9134    0.8945       566

   micro avg     0.9608    0.9675    0.9641     35625
   macro avg     0.9590    0.9655    0.9622     35625
weighted avg     0.9609    0.9675    0.9642     35625

2024-10-21 05:14:00,881 - INFO - >> Epoch: 37, Test Loss: 5.0724, Macro F1: 0.9622, Micro F1: 0.9641, Weighted F1: 0.9642
2024-10-21 05:26:44,326 - INFO - >> Epoch: 38, Average Loss: 0.2419
2024-10-21 05:27:32,119 - INFO -               precision    recall  f1-score   support

        AEX>     0.9399    0.9515    0.9457      1692
        ANA>     0.9528    0.9627    0.9577      5091
        DEF>     0.9574    0.9503    0.9539      1349
        DIS>     0.9579    0.9707    0.9643      2322
        DRU>     0.9892    0.9887    0.9889      1853
        DUR>     0.9720    0.9743    0.9731      2099
        LAE>     0.9717    0.9756    0.9737      2464
        MED>     0.9850    0.9862    0.9856      1599
        NUR>     0.9732    0.9671    0.9701       638
        PHE>     0.9845    0.9877    0.9861      1547
        PHI>     0.9572    0.9619    0.9595       813
        SIG>     0.9840    0.9826    0.9833      4873
        SYM>     0.9605    0.9640    0.9622      4442
        TER>     0.9367    0.9418    0.9393      4277
        TRE>     0.9009    0.9152    0.9080       566

   micro avg     0.9627    0.9670    0.9648     35625
   macro avg     0.9615    0.9654    0.9634     35625
weighted avg     0.9628    0.9670    0.9649     35625

2024-10-21 05:27:36,697 - INFO - >> Epoch: 38, Test Loss: 4.5189, Macro F1: 0.9634, Micro F1: 0.9648, Weighted F1: 0.9649
2024-10-21 05:40:21,777 - INFO - >> Epoch: 39, Average Loss: 0.2536
2024-10-21 05:41:09,324 - INFO -               precision    recall  f1-score   support

        AEX>     0.9571    0.9492    0.9531      1692
        ANA>     0.9510    0.9613    0.9561      5091
        DEF>     0.9579    0.9437    0.9507      1349
        DIS>     0.9572    0.9729    0.9650      2322
        DRU>     0.9839    0.9870    0.9855      1853
        DUR>     0.9732    0.9695    0.9714      2099
        LAE>     0.9711    0.9805    0.9758      2464
        MED>     0.9844    0.9844    0.9844      1599
        NUR>     0.9796    0.9781    0.9788       638
        PHE>     0.9770    0.9871    0.9820      1547
        PHI>     0.9560    0.9619    0.9589       813
        SIG>     0.9861    0.9789    0.9825      4873
        SYM>     0.9622    0.9631    0.9626      4442
        TER>     0.9330    0.9411    0.9370      4277
        TRE>     0.8846    0.9205    0.9022       566

   micro avg     0.9625    0.9660    0.9642     35625
   macro avg     0.9609    0.9653    0.9631     35625
weighted avg     0.9626    0.9660    0.9643     35625

2024-10-21 05:41:13,937 - INFO - >> Epoch: 39, Test Loss: 4.9010, Macro F1: 0.9631, Micro F1: 0.9642, Weighted F1: 0.9643
2024-10-21 05:53:53,244 - INFO - >> Epoch: 40, Average Loss: 0.2270
2024-10-21 05:54:39,955 - INFO -               precision    recall  f1-score   support

        AEX>     0.9529    0.9439    0.9483      1692
        ANA>     0.9479    0.9641    0.9559      5091
        DEF>     0.9621    0.9414    0.9517      1349
        DIS>     0.9539    0.9711    0.9624      2322
        DRU>     0.9919    0.9919    0.9919      1853
        DUR>     0.9696    0.9709    0.9702      2099
        LAE>     0.9714    0.9785    0.9749      2464
        MED>     0.9887    0.9856    0.9872      1599
        NUR>     0.9765    0.9781    0.9773       638
        PHE>     0.9808    0.9890    0.9849      1547
        PHI>     0.9617    0.9569    0.9593       813
        SIG>     0.9836    0.9733    0.9784      4873
        SYM>     0.9587    0.9662    0.9624      4442
        TER>     0.9377    0.9401    0.9389      4277
        TRE>     0.8976    0.9293    0.9132       566

   micro avg     0.9624    0.9658    0.9641     35625
   macro avg     0.9623    0.9654    0.9638     35625
weighted avg     0.9625    0.9658    0.9641     35625

2024-10-21 05:54:44,393 - INFO - >> Epoch: 40, Test Loss: 4.9799, Macro F1: 0.9638, Micro F1: 0.9641, Weighted F1: 0.9641
2024-10-21 06:07:08,979 - INFO - >> Epoch: 41, Average Loss: 0.2245
2024-10-21 06:07:55,481 - INFO -               precision    recall  f1-score   support

        AEX>     0.9596    0.9557    0.9577      1692
        ANA>     0.9570    0.9650    0.9610      5091
        DEF>     0.9624    0.9481    0.9552      1349
        DIS>     0.9579    0.9707    0.9643      2322
        DRU>     0.9871    0.9887    0.9879      1853
        DUR>     0.9714    0.9719    0.9717      2099
        LAE>     0.9730    0.9805    0.9768      2464
        MED>     0.9825    0.9850    0.9838      1599
        NUR>     0.9642    0.9718    0.9680       638
        PHE>     0.9820    0.9890    0.9855      1547
        PHI>     0.9511    0.9569    0.9540       813
        SIG>     0.9850    0.9813    0.9831      4873
        SYM>     0.9589    0.9676    0.9632      4442
        TER>     0.9427    0.9455    0.9441      4277
        TRE>     0.8910    0.9240    0.9072       566

   micro avg     0.9644    0.9684    0.9664     35625
   macro avg     0.9617    0.9668    0.9642     35625
weighted avg     0.9644    0.9684    0.9664     35625

2024-10-21 06:08:00,059 - INFO - >> Epoch: 41, Test Loss: 5.0689, Macro F1: 0.9642, Micro F1: 0.9664, Weighted F1: 0.9664
2024-10-21 06:20:18,058 - INFO - >> Epoch: 42, Average Loss: 0.2371
2024-10-21 06:21:04,399 - INFO -               precision    recall  f1-score   support

        AEX>     0.9512    0.9563    0.9537      1692
        ANA>     0.9560    0.9639    0.9599      5091
        DEF>     0.9575    0.9518    0.9546      1349
        DIS>     0.9600    0.9716    0.9658      2322
        DRU>     0.9860    0.9903    0.9882      1853
        DUR>     0.9733    0.9724    0.9728      2099
        LAE>     0.9718    0.9785    0.9751      2464
        MED>     0.9844    0.9850    0.9847      1599
        NUR>     0.9780    0.9734    0.9756       638
        PHE>     0.9833    0.9890    0.9861      1547
        PHI>     0.9570    0.9582    0.9576       813
        SIG>     0.9844    0.9826    0.9835      4873
        SYM>     0.9604    0.9667    0.9635      4442
        TER>     0.9413    0.9441    0.9427      4277
        TRE>     0.8807    0.9258    0.9027       566

   micro avg     0.9640    0.9684    0.9662     35625
   macro avg     0.9617    0.9673    0.9644     35625
weighted avg     0.9641    0.9684    0.9663     35625

2024-10-21 06:21:08,694 - INFO - >> Epoch: 42, Test Loss: 5.0193, Macro F1: 0.9644, Micro F1: 0.9662, Weighted F1: 0.9663
2024-10-21 06:33:29,249 - INFO - >> Epoch: 43, Average Loss: 0.2179
2024-10-21 06:34:15,423 - INFO -               precision    recall  f1-score   support

        AEX>     0.9486    0.9604    0.9545      1692
        ANA>     0.9527    0.9662    0.9594      5091
        DEF>     0.9580    0.9474    0.9527      1349
        DIS>     0.9632    0.9703    0.9667      2322
        DRU>     0.9871    0.9903    0.9887      1853
        DUR>     0.9714    0.9700    0.9707      2099
        LAE>     0.9766    0.9805    0.9785      2464
        MED>     0.9894    0.9887    0.9891      1599
        NUR>     0.9796    0.9765    0.9780       638
        PHE>     0.9802    0.9897    0.9849      1547
        PHI>     0.9546    0.9569    0.9558       813
        SIG>     0.9845    0.9803    0.9824      4873
        SYM>     0.9601    0.9651    0.9626      4442
        TER>     0.9427    0.9430    0.9428      4277
        TRE>     0.9010    0.9170    0.9089       566

   micro avg     0.9645    0.9682    0.9663     35625
   macro avg     0.9633    0.9668    0.9651     35625
weighted avg     0.9646    0.9682    0.9664     35625

2024-10-21 06:34:19,809 - INFO - >> Epoch: 43, Test Loss: 5.0207, Macro F1: 0.9651, Micro F1: 0.9663, Weighted F1: 0.9664
2024-10-21 06:46:35,605 - INFO - >> Epoch: 44, Average Loss: 0.2206
2024-10-21 06:47:21,826 - INFO -               precision    recall  f1-score   support

        AEX>     0.9480    0.9480    0.9480      1692
        ANA>     0.9538    0.9621    0.9580      5091
        DEF>     0.9509    0.9466    0.9487      1349
        DIS>     0.9493    0.9755    0.9622      2322
        DRU>     0.9876    0.9897    0.9887      1853
        DUR>     0.9742    0.9719    0.9731      2099
        LAE>     0.9698    0.9777    0.9737      2464
        MED>     0.9869    0.9887    0.9878      1599
        NUR>     0.9736    0.9812    0.9774       638
        PHE>     0.9832    0.9858    0.9845      1547
        PHI>     0.9485    0.9520    0.9503       813
        SIG>     0.9842    0.9824    0.9833      4873
        SYM>     0.9619    0.9656    0.9637      4442
        TER>     0.9419    0.9434    0.9426      4277
        TRE>     0.8807    0.9134    0.8968       566

   micro avg     0.9627    0.9673    0.9650     35625
   macro avg     0.9596    0.9656    0.9626     35625
weighted avg     0.9628    0.9673    0.9650     35625

2024-10-21 06:47:26,255 - INFO - >> Epoch: 44, Test Loss: 5.0953, Macro F1: 0.9626, Micro F1: 0.9650, Weighted F1: 0.9650
2024-10-21 06:59:47,204 - INFO - >> Epoch: 45, Average Loss: 0.2148
2024-10-21 07:00:33,457 - INFO -               precision    recall  f1-score   support

        AEX>     0.9548    0.9604    0.9576      1692
        ANA>     0.9530    0.9641    0.9585      5091
        DEF>     0.9609    0.9474    0.9541      1349
        DIS>     0.9593    0.9651    0.9622      2322
        DRU>     0.9892    0.9914    0.9903      1853
        DUR>     0.9696    0.9733    0.9715      2099
        LAE>     0.9738    0.9813    0.9776      2464
        MED>     0.9844    0.9875    0.9860      1599
        NUR>     0.9702    0.9702    0.9702       638
        PHE>     0.9807    0.9877    0.9842      1547
        PHI>     0.9591    0.9508    0.9549       813
        SIG>     0.9846    0.9815    0.9830      4873
        SYM>     0.9597    0.9656    0.9626      4442
        TER>     0.9355    0.9488    0.9421      4277
        TRE>     0.8885    0.9293    0.9085       566

   micro avg     0.9631    0.9686    0.9658     35625
   macro avg     0.9616    0.9670    0.9642     35625
weighted avg     0.9632    0.9686    0.9659     35625

2024-10-21 07:00:37,784 - INFO - >> Epoch: 45, Test Loss: 4.7707, Macro F1: 0.9642, Micro F1: 0.9658, Weighted F1: 0.9659
2024-10-21 07:12:56,947 - INFO - >> Epoch: 46, Average Loss: 0.2099
2024-10-21 07:13:43,156 - INFO -               precision    recall  f1-score   support

        AEX>     0.9454    0.9509    0.9481      1692
        ANA>     0.9517    0.9631    0.9573      5091
        DEF>     0.9509    0.9481    0.9495      1349
        DIS>     0.9584    0.9711    0.9647      2322
        DRU>     0.9903    0.9914    0.9908      1853
        DUR>     0.9691    0.9724    0.9707      2099
        LAE>     0.9746    0.9813    0.9780      2464
        MED>     0.9856    0.9875    0.9866      1599
        NUR>     0.9734    0.9749    0.9742       638
        PHE>     0.9801    0.9864    0.9832      1547
        PHI>     0.9583    0.9606    0.9595       813
        SIG>     0.9839    0.9807    0.9823      4873
        SYM>     0.9604    0.9669    0.9637      4442
        TER>     0.9376    0.9453    0.9414      4277
        TRE>     0.8857    0.9170    0.9010       566

   micro avg     0.9624    0.9680    0.9652     35625
   macro avg     0.9604    0.9665    0.9634     35625
weighted avg     0.9625    0.9680    0.9652     35625

2024-10-21 07:13:47,552 - INFO - >> Epoch: 46, Test Loss: 5.0998, Macro F1: 0.9634, Micro F1: 0.9652, Weighted F1: 0.9652
2024-10-21 07:26:06,231 - INFO - >> Epoch: 47, Average Loss: 0.1958
2024-10-21 07:26:52,701 - INFO -               precision    recall  f1-score   support

        AEX>     0.9552    0.9580    0.9566      1692
        ANA>     0.9548    0.9621    0.9584      5091
        DEF>     0.9573    0.9481    0.9527      1349
        DIS>     0.9601    0.9742    0.9671      2322
        DRU>     0.9892    0.9903    0.9898      1853
        DUR>     0.9714    0.9719    0.9717      2099
        LAE>     0.9746    0.9809    0.9778      2464
        MED>     0.9819    0.9862    0.9841      1599
        NUR>     0.9795    0.9749    0.9772       638
        PHE>     0.9852    0.9877    0.9864      1547
        PHI>     0.9511    0.9569    0.9540       813
        SIG>     0.9845    0.9801    0.9823      4873
        SYM>     0.9593    0.9669    0.9631      4442
        TER>     0.9402    0.9479    0.9440      4277
        TRE>     0.8944    0.9276    0.9107       566

   micro avg     0.9641    0.9686    0.9664     35625
   macro avg     0.9626    0.9676    0.9651     35625
weighted avg     0.9642    0.9686    0.9664     35625

2024-10-21 07:26:56,972 - INFO - >> Epoch: 47, Test Loss: 5.1055, Macro F1: 0.9651, Micro F1: 0.9664, Weighted F1: 0.9664
2024-10-21 07:39:16,998 - INFO - >> Epoch: 48, Average Loss: 0.1958
2024-10-21 07:40:03,666 - INFO -               precision    recall  f1-score   support

        AEX>     0.9540    0.9551    0.9545      1692
        ANA>     0.9547    0.9641    0.9593      5091
        DEF>     0.9492    0.9548    0.9520      1349
        DIS>     0.9490    0.9785    0.9635      2322
        DRU>     0.9903    0.9914    0.9908      1853
        DUR>     0.9713    0.9681    0.9697      2099
        LAE>     0.9659    0.9777    0.9718      2464
        MED>     0.9826    0.9881    0.9853      1599
        NUR>     0.9795    0.9734    0.9764       638
        PHE>     0.9813    0.9851    0.9832      1547
        PHI>     0.9581    0.9557    0.9569       813
        SIG>     0.9827    0.9797    0.9812      4873
        SYM>     0.9615    0.9662    0.9638      4442
        TER>     0.9490    0.9399    0.9444      4277
        TRE>     0.9026    0.9170    0.9097       566

   micro avg     0.9637    0.9676    0.9656     35625
   macro avg     0.9621    0.9663    0.9642     35625
weighted avg     0.9638    0.9676    0.9656     35625

2024-10-21 07:40:08,076 - INFO - >> Epoch: 48, Test Loss: 4.7740, Macro F1: 0.9642, Micro F1: 0.9656, Weighted F1: 0.9656
2024-10-21 07:52:28,437 - INFO - >> Epoch: 49, Average Loss: 0.1787
2024-10-21 07:53:14,917 - INFO -               precision    recall  f1-score   support

        AEX>     0.9493    0.9509    0.9501      1692
        ANA>     0.9534    0.9644    0.9589      5091
        DEF>     0.9517    0.9503    0.9510      1349
        DIS>     0.9521    0.9759    0.9638      2322
        DRU>     0.9866    0.9914    0.9890      1853
        DUR>     0.9706    0.9743    0.9724      2099
        LAE>     0.9643    0.9748    0.9695      2464
        MED>     0.9856    0.9869    0.9862      1599
        NUR>     0.9826    0.9749    0.9788       638
        PHE>     0.9801    0.9884    0.9842      1547
        PHI>     0.9567    0.9520    0.9544       813
        SIG>     0.9815    0.9809    0.9812      4873
        SYM>     0.9602    0.9669    0.9635      4442
        TER>     0.9458    0.9465    0.9461      4277
        TRE>     0.8876    0.9205    0.9037       566

   micro avg     0.9624    0.9684    0.9654     35625
   macro avg     0.9605    0.9666    0.9635     35625
weighted avg     0.9625    0.9684    0.9654     35625

2024-10-21 07:53:19,324 - INFO - >> Epoch: 49, Test Loss: 5.0747, Macro F1: 0.9635, Micro F1: 0.9654, Weighted F1: 0.9654
2024-10-21 08:05:44,032 - INFO - >> Epoch: 50, Average Loss: 0.1971
2024-10-21 08:06:31,040 - INFO -               precision    recall  f1-score   support

        AEX>     0.9612    0.9509    0.9560      1692
        ANA>     0.9596    0.9607    0.9601      5091
        DEF>     0.9602    0.9466    0.9533      1349
        DIS>     0.9600    0.9707    0.9653      2322
        DRU>     0.9897    0.9897    0.9897      1853
        DUR>     0.9672    0.9705    0.9688      2099
        LAE>     0.9695    0.9813    0.9754      2464
        MED>     0.9862    0.9844    0.9853      1599
        NUR>     0.9720    0.9812    0.9766       638
        PHE>     0.9789    0.9877    0.9833      1547
        PHI>     0.9537    0.9631    0.9584       813
        SIG>     0.9848    0.9813    0.9830      4873
        SYM>     0.9605    0.9689    0.9647      4442
        TER>     0.9378    0.9444    0.9411      4277
        TRE>     0.8883    0.9276    0.9075       566

   micro avg     0.9643    0.9679    0.9661     35625
   macro avg     0.9620    0.9673    0.9646     35625
weighted avg     0.9643    0.9679    0.9661     35625

2024-10-21 08:06:35,695 - INFO - >> Epoch: 50, Test Loss: 4.8435, Macro F1: 0.9646, Micro F1: 0.9661, Weighted F1: 0.9661
2024-10-21 08:06:36,010 - INFO - Best model loaded for final evaluation.
2024-10-21 08:07:22,763 - INFO -               precision    recall  f1-score   support

        AEX>     0.9535    0.9569    0.9552      1692
        ANA>     0.9536    0.9613    0.9574      5091
        DEF>     0.9584    0.9563    0.9573      1349
        DIS>     0.9560    0.9742    0.9650      2322
        DRU>     0.9887    0.9914    0.9900      1853
        DUR>     0.9705    0.9724    0.9714      2099
        LAE>     0.9713    0.9752    0.9733      2464
        MED>     0.9826    0.9869    0.9847      1599
        NUR>     0.9673    0.9749    0.9711       638
        PHE>     0.9782    0.9884    0.9833      1547
        PHI>     0.9549    0.9631    0.9590       813
        SIG>     0.9852    0.9828    0.9840      4873
        SYM>     0.9624    0.9694    0.9659      4442
        TER>     0.9433    0.9486    0.9459      4277
        TRE>     0.8834    0.9240    0.9033       566

   micro avg     0.9636    0.9693    0.9665     35625
   macro avg     0.9606    0.9684    0.9645     35625
weighted avg     0.9637    0.9693    0.9665     35625

2024-10-21 08:07:27,039 - INFO - Final Evaluation - Test Loss: 4.8836, Macro F1: 0.9645, Micro F1: 0.9665, Weighted F1: 0.9665
